<?xml version="1.0" encoding="UTF-8"?>
<testng-results skipped="0" failed="0" ignored="0" total="1" passed="1">
  <reporter-output>
  </reporter-output>
  <suite name="Default suite" duration-ms="18587" started-at="2019-09-24T19:58:42Z" finished-at="2019-09-24T19:59:00Z">
    <groups>
    </groups>
    <test name="Default test" duration-ms="18587" started-at="2019-09-24T19:58:42Z" finished-at="2019-09-24T19:59:00Z">
      <class name="com.training.sanity.tests.LostPswd">
        <test-method status="PASS" signature="setUpBeforeClass()[pri:0, instance:com.training.sanity.tests.LostPswd@3532ec19]" name="setUpBeforeClass" is-config="true" duration-ms="20" started-at="2019-09-24T19:58:42Z" finished-at="2019-09-24T19:58:42Z">
          <reporter-output>
          </reporter-output>
        </test-method> <!-- setUpBeforeClass -->
        <test-method status="PASS" signature="setUp()[pri:0, instance:com.training.sanity.tests.LostPswd@3532ec19]" name="setUp" is-config="true" duration-ms="8713" started-at="2019-09-24T19:58:42Z" finished-at="2019-09-24T19:58:51Z">
          <reporter-output>
          </reporter-output>
        </test-method> <!-- setUp -->
        <test-method status="PASS" signature="editProfileResetPassword()[pri:0, instance:com.training.sanity.tests.LostPswd@3532ec19]" name="editProfileResetPassword" duration-ms="3857" started-at="2019-09-24T19:58:51Z" finished-at="2019-09-24T19:58:54Z">
          <reporter-output>
          </reporter-output>
        </test-method> <!-- editProfileResetPassword -->
        <test-method status="PASS" signature="closebrowser()[pri:0, instance:com.training.sanity.tests.LostPswd@3532ec19]" name="closebrowser" is-config="true" duration-ms="5959" started-at="2019-09-24T19:58:54Z" finished-at="2019-09-24T19:59:00Z">
          <reporter-output>
          </reporter-output>
        </test-method> <!-- closebrowser -->
      </class> <!-- com.training.sanity.tests.LostPswd -->
    </test> <!-- Default test -->
  </suite> <!-- Default suite -->
</testng-results>
